  labaprogbar.cpp
C:\Users\balyb\source\repos\labaprogbar\labaprogbar.cpp(148,18): warning C4566: символ, представленный универсальным именем символа "\u2554", невозможно представить в текущей кодовой странице (1251)
C:\Users\balyb\source\repos\labaprogbar\labaprogbar.cpp(148,18): warning C4566: символ, представленный универсальным именем символа "\u2550", невозможно представить в текущей кодовой странице (1251)
C:\Users\balyb\source\repos\labaprogbar\labaprogbar.cpp(148,18): warning C4566: символ, представленный универсальным именем символа "\u2557", невозможно представить в текущей кодовой странице (1251)
C:\Users\balyb\source\repos\labaprogbar\labaprogbar.cpp(149,18): warning C4566: символ, представленный универсальным именем символа "\u2551", невозможно представить в текущей кодовой странице (1251)
C:\Users\balyb\source\repos\labaprogbar\labaprogbar.cpp(150,18): warning C4566: символ, представленный универсальным именем символа "\u2551", невозможно представить в текущей кодовой странице (1251)
C:\Users\balyb\source\repos\labaprogbar\labaprogbar.cpp(151,18): warning C4566: символ, представленный универсальным именем символа "\u2551", невозможно представить в текущей кодовой странице (1251)
C:\Users\balyb\source\repos\labaprogbar\labaprogbar.cpp(152,18): warning C4566: символ, представленный универсальным именем символа "\u2551", невозможно представить в текущей кодовой странице (1251)
C:\Users\balyb\source\repos\labaprogbar\labaprogbar.cpp(152,99): warning C4566: символ, представленный универсальным именем символа "\u2551", невозможно представить в текущей кодовой странице (1251)
C:\Users\balyb\source\repos\labaprogbar\labaprogbar.cpp(153,18): warning C4566: символ, представленный универсальным именем символа "\u255A", невозможно представить в текущей кодовой странице (1251)
C:\Users\balyb\source\repos\labaprogbar\labaprogbar.cpp(153,18): warning C4566: символ, представленный универсальным именем символа "\u2550", невозможно представить в текущей кодовой странице (1251)
C:\Users\balyb\source\repos\labaprogbar\labaprogbar.cpp(153,18): warning C4566: символ, представленный универсальным именем символа "\u255D", невозможно представить в текущей кодовой странице (1251)
C:\Users\balyb\source\repos\labaprogbar\labaprogbar.cpp(163,18): warning C4566: символ, представленный универсальным именем символа "\u2554", невозможно представить в текущей кодовой странице (1251)
C:\Users\balyb\source\repos\labaprogbar\labaprogbar.cpp(163,18): warning C4566: символ, представленный универсальным именем символа "\u2550", невозможно представить в текущей кодовой странице (1251)
C:\Users\balyb\source\repos\labaprogbar\labaprogbar.cpp(163,18): warning C4566: символ, представленный универсальным именем символа "\u2557", невозможно представить в текущей кодовой странице (1251)
C:\Users\balyb\source\repos\labaprogbar\labaprogbar.cpp(164,18): warning C4566: символ, представленный универсальным именем символа "\u2551", невозможно представить в текущей кодовой странице (1251)
C:\Users\balyb\source\repos\labaprogbar\labaprogbar.cpp(165,18): warning C4566: символ, представленный универсальным именем символа "\u255A", невозможно представить в текущей кодовой странице (1251)
C:\Users\balyb\source\repos\labaprogbar\labaprogbar.cpp(165,18): warning C4566: символ, представленный универсальным именем символа "\u2550", невозможно представить в текущей кодовой странице (1251)
C:\Users\balyb\source\repos\labaprogbar\labaprogbar.cpp(165,18): warning C4566: символ, представленный универсальным именем символа "\u255D", невозможно представить в текущей кодовой странице (1251)
  labaprogbar.vcxproj -> C:\Users\balyb\source\repos\labaprogbar\x64\Debug\labaprogbar.exe
